2024-11-24 18:27:53,852 - INFO - Iniciando monitorización del sitio web: http://localhost:8000
2024-11-24 18:27:55,886 - INFO - El sitio web http://localhost:8000 está disponible.
2024-11-24 18:28:02,929 - INFO - El sitio web http://localhost:8000 está disponible.
2024-11-24 18:28:09,992 - INFO - El sitio web http://localhost:8000 está disponible.
2024-11-24 18:28:17,038 - INFO - El sitio web http://localhost:8000 está disponible.
2024-11-24 18:28:24,070 - INFO - El sitio web http://localhost:8000 está disponible.
2024-11-24 18:28:31,128 - INFO - El sitio web http://localhost:8000 está disponible.
2024-11-24 18:28:38,169 - INFO - El sitio web http://localhost:8000 está disponible.
2024-11-24 18:28:45,207 - INFO - El sitio web http://localhost:8000 está disponible.
2024-11-24 18:28:52,269 - INFO - El sitio web http://localhost:8000 está disponible.
2024-11-24 18:28:59,303 - INFO - El sitio web http://localhost:8000 está disponible.
2024-11-24 18:29:06,337 - INFO - El sitio web http://localhost:8000 está disponible.
2024-11-24 18:29:13,369 - INFO - El sitio web http://localhost:8000 está disponible.
2024-11-24 18:29:20,420 - INFO - El sitio web http://localhost:8000 está disponible.
2024-11-24 18:29:27,448 - INFO - El sitio web http://localhost:8000 está disponible.
2024-11-24 18:29:34,483 - INFO - El sitio web http://localhost:8000 está disponible.
2024-11-24 18:29:41,536 - INFO - El sitio web http://localhost:8000 está disponible.
2024-11-24 18:29:48,584 - INFO - El sitio web http://localhost:8000 está disponible.
2024-11-24 18:29:55,608 - INFO - El sitio web http://localhost:8000 está disponible.
2024-11-24 18:30:02,648 - INFO - El sitio web http://localhost:8000 está disponible.
2024-11-24 18:30:09,694 - INFO - El sitio web http://localhost:8000 está disponible.
2024-11-24 18:30:16,734 - INFO - El sitio web http://localhost:8000 está disponible.
2024-11-24 18:30:23,905 - INFO - El sitio web http://localhost:8000 está disponible.
2024-11-24 18:30:30,946 - INFO - El sitio web http://localhost:8000 está disponible.
2024-11-24 18:30:37,986 - INFO - El sitio web http://localhost:8000 está disponible.
2024-11-24 18:30:45,029 - INFO - El sitio web http://localhost:8000 está disponible.
2024-11-24 18:30:52,060 - INFO - El sitio web http://localhost:8000 está disponible.
2024-11-24 18:30:59,104 - INFO - El sitio web http://localhost:8000 está disponible.
2024-11-24 18:31:06,138 - INFO - El sitio web http://localhost:8000 está disponible.
2024-11-24 18:31:13,186 - INFO - El sitio web http://localhost:8000 está disponible.
2024-11-24 18:31:20,229 - INFO - El sitio web http://localhost:8000 está disponible.
2024-11-24 18:31:27,276 - INFO - El sitio web http://localhost:8000 está disponible.
2024-11-24 18:31:34,334 - INFO - El sitio web http://localhost:8000 está disponible.
2024-11-24 18:31:41,379 - INFO - El sitio web http://localhost:8000 está disponible.
2024-11-24 18:31:48,431 - INFO - El sitio web http://localhost:8000 está disponible.
2024-11-24 18:31:55,495 - INFO - El sitio web http://localhost:8000 está disponible.
2024-11-24 18:32:02,573 - INFO - El sitio web http://localhost:8000 está disponible.
2024-11-24 18:32:09,614 - INFO - El sitio web http://localhost:8000 está disponible.
2024-11-24 18:32:16,666 - INFO - El sitio web http://localhost:8000 está disponible.
2024-11-24 18:32:23,708 - INFO - El sitio web http://localhost:8000 está disponible.
2024-11-24 18:32:30,750 - INFO - El sitio web http://localhost:8000 está disponible.
2024-11-24 18:32:37,808 - INFO - El sitio web http://localhost:8000 está disponible.
2024-11-24 18:32:44,855 - INFO - El sitio web http://localhost:8000 está disponible.
2024-11-24 18:32:51,915 - INFO - El sitio web http://localhost:8000 está disponible.
2024-11-24 18:32:58,968 - INFO - El sitio web http://localhost:8000 está disponible.
2024-11-24 18:33:05,992 - INFO - El sitio web http://localhost:8000 está disponible.
2024-11-24 18:33:13,049 - INFO - El sitio web http://localhost:8000 está disponible.
2024-11-24 18:33:20,100 - INFO - El sitio web http://localhost:8000 está disponible.
2024-11-24 18:33:27,178 - INFO - El sitio web http://localhost:8000 está disponible.
2024-11-24 18:33:34,241 - INFO - El sitio web http://localhost:8000 está disponible.
2024-11-24 18:33:41,271 - INFO - El sitio web http://localhost:8000 está disponible.
2024-11-24 18:33:48,309 - INFO - El sitio web http://localhost:8000 está disponible.
2024-11-24 18:33:55,375 - INFO - El sitio web http://localhost:8000 está disponible.
2024-11-24 18:34:02,428 - INFO - El sitio web http://localhost:8000 está disponible.
2024-11-24 18:34:09,479 - INFO - El sitio web http://localhost:8000 está disponible.
2024-11-24 18:34:16,536 - INFO - El sitio web http://localhost:8000 está disponible.
2024-11-24 18:34:23,591 - INFO - El sitio web http://localhost:8000 está disponible.
2024-11-24 18:34:30,636 - INFO - El sitio web http://localhost:8000 está disponible.
2024-11-24 18:34:37,692 - INFO - El sitio web http://localhost:8000 está disponible.
2024-11-24 18:34:44,746 - INFO - El sitio web http://localhost:8000 está disponible.
2024-11-24 18:34:51,811 - INFO - El sitio web http://localhost:8000 está disponible.
2024-11-24 18:34:58,852 - INFO - El sitio web http://localhost:8000 está disponible.
2024-11-24 18:35:05,898 - INFO - El sitio web http://localhost:8000 está disponible.
2024-11-24 18:35:12,931 - INFO - El sitio web http://localhost:8000 está disponible.
2024-11-24 18:35:19,994 - INFO - El sitio web http://localhost:8000 está disponible.
2024-11-24 18:35:27,041 - INFO - El sitio web http://localhost:8000 está disponible.
2024-11-24 18:35:34,098 - INFO - El sitio web http://localhost:8000 está disponible.
2024-11-24 18:35:41,158 - INFO - El sitio web http://localhost:8000 está disponible.
2024-11-24 18:35:48,224 - INFO - El sitio web http://localhost:8000 está disponible.
2024-11-24 18:35:55,277 - INFO - El sitio web http://localhost:8000 está disponible.
2024-11-24 18:36:02,333 - INFO - El sitio web http://localhost:8000 está disponible.
2024-11-24 18:36:09,384 - INFO - El sitio web http://localhost:8000 está disponible.
2024-11-24 18:36:16,425 - INFO - El sitio web http://localhost:8000 está disponible.
2024-11-24 18:36:23,488 - INFO - El sitio web http://localhost:8000 está disponible.
2024-11-24 18:36:30,551 - INFO - El sitio web http://localhost:8000 está disponible.
2024-11-24 18:36:37,593 - INFO - El sitio web http://localhost:8000 está disponible.
2024-11-24 18:36:44,632 - INFO - El sitio web http://localhost:8000 está disponible.
2024-11-24 18:36:51,684 - INFO - El sitio web http://localhost:8000 está disponible.
2024-11-24 18:36:58,743 - INFO - El sitio web http://localhost:8000 está disponible.
2024-11-24 18:37:05,781 - INFO - El sitio web http://localhost:8000 está disponible.
2024-11-24 18:37:12,838 - INFO - El sitio web http://localhost:8000 está disponible.
2024-11-24 18:37:19,911 - INFO - El sitio web http://localhost:8000 está disponible.
2024-11-24 18:37:26,977 - INFO - El sitio web http://localhost:8000 está disponible.
2024-11-24 18:37:34,021 - INFO - El sitio web http://localhost:8000 está disponible.
2024-11-24 18:37:41,065 - INFO - El sitio web http://localhost:8000 está disponible.
2024-11-24 18:37:48,123 - INFO - El sitio web http://localhost:8000 está disponible.
2024-11-24 18:37:55,170 - INFO - El sitio web http://localhost:8000 está disponible.
2024-11-24 18:38:02,220 - INFO - El sitio web http://localhost:8000 está disponible.
2024-11-24 18:38:09,295 - INFO - El sitio web http://localhost:8000 está disponible.
2024-11-24 18:38:16,355 - INFO - El sitio web http://localhost:8000 está disponible.
2024-11-24 18:38:23,400 - INFO - El sitio web http://localhost:8000 está disponible.
2024-11-24 18:38:30,476 - INFO - El sitio web http://localhost:8000 está disponible.
2024-11-24 18:38:37,512 - INFO - El sitio web http://localhost:8000 está disponible.
2024-11-24 18:38:44,552 - INFO - El sitio web http://localhost:8000 está disponible.
2024-11-24 18:38:51,605 - INFO - El sitio web http://localhost:8000 está disponible.
2024-11-24 18:38:58,669 - INFO - El sitio web http://localhost:8000 está disponible.
2024-11-24 18:39:05,703 - INFO - El sitio web http://localhost:8000 está disponible.
2024-11-24 18:39:12,751 - INFO - El sitio web http://localhost:8000 está disponible.
2024-11-24 18:39:19,792 - INFO - El sitio web http://localhost:8000 está disponible.
2024-11-24 18:39:26,855 - INFO - El sitio web http://localhost:8000 está disponible.
2024-11-24 18:39:33,890 - INFO - El sitio web http://localhost:8000 está disponible.
2024-11-24 18:39:40,964 - INFO - El sitio web http://localhost:8000 está disponible.
2024-11-24 18:39:47,998 - INFO - El sitio web http://localhost:8000 está disponible.
2024-11-24 18:39:57,086 - ERROR - Error al intentar acceder al sitio web http://localhost:8000: HTTPConnectionPool(host='localhost', port=8000): Max retries exceeded with url: / (Caused by NewConnectionError('<urllib3.connection.HTTPConnection object at 0x000001F54981D280>: Failed to establish a new connection: [WinError 10061] No connection could be made because the target machine actively refused it'))
2024-11-24 18:40:06,147 - ERROR - Error al intentar acceder al sitio web http://localhost:8000: HTTPConnectionPool(host='localhost', port=8000): Max retries exceeded with url: / (Caused by NewConnectionError('<urllib3.connection.HTTPConnection object at 0x000001F5498427B0>: Failed to establish a new connection: [WinError 10061] No connection could be made because the target machine actively refused it'))
2024-11-24 18:40:15,235 - ERROR - Error al intentar acceder al sitio web http://localhost:8000: HTTPConnectionPool(host='localhost', port=8000): Max retries exceeded with url: / (Caused by NewConnectionError('<urllib3.connection.HTTPConnection object at 0x000001F549843080>: Failed to establish a new connection: [WinError 10061] No connection could be made because the target machine actively refused it'))
2024-11-24 18:40:24,312 - ERROR - Error al intentar acceder al sitio web http://localhost:8000: HTTPConnectionPool(host='localhost', port=8000): Max retries exceeded with url: / (Caused by NewConnectionError('<urllib3.connection.HTTPConnection object at 0x000001F549843950>: Failed to establish a new connection: [WinError 10061] No connection could be made because the target machine actively refused it'))
2024-11-24 18:40:32,412 - INFO - El sitio web http://localhost:8000 está disponible.
2024-11-24 18:40:39,469 - INFO - El sitio web http://localhost:8000 está disponible.
2024-11-24 18:40:46,525 - INFO - El sitio web http://localhost:8000 está disponible.
2024-11-24 18:40:53,561 - INFO - El sitio web http://localhost:8000 está disponible.
2024-11-24 18:41:00,603 - INFO - El sitio web http://localhost:8000 está disponible.
2024-11-24 18:41:07,649 - INFO - El sitio web http://localhost:8000 está disponible.
2024-11-24 18:41:14,699 - INFO - El sitio web http://localhost:8000 está disponible.
2024-11-24 18:41:21,742 - INFO - El sitio web http://localhost:8000 está disponible.
2024-11-24 18:41:28,798 - INFO - El sitio web http://localhost:8000 está disponible.
2024-11-24 18:41:35,846 - INFO - El sitio web http://localhost:8000 está disponible.
2024-11-24 18:41:42,891 - INFO - El sitio web http://localhost:8000 está disponible.
2024-11-24 18:41:49,935 - INFO - El sitio web http://localhost:8000 está disponible.
2024-11-24 18:41:56,984 - INFO - El sitio web http://localhost:8000 está disponible.
2024-11-24 18:42:04,038 - INFO - El sitio web http://localhost:8000 está disponible.
2024-11-24 18:42:11,082 - INFO - El sitio web http://localhost:8000 está disponible.
2024-11-24 18:42:18,134 - INFO - El sitio web http://localhost:8000 está disponible.
2024-11-24 18:42:25,171 - INFO - El sitio web http://localhost:8000 está disponible.
2024-11-24 18:42:32,209 - INFO - Monitorización detenida por el usuario.
